[2025-01-24 07:04:46,692 : INFO :com : loaded the yaml file from <_io.TextIOWrapper name='config\\config.yaml' mode='r' encoding='UTF-8'>]
[2025-01-24 07:04:46,697 : INFO :com : loaded the yaml file from <_io.TextIOWrapper name='schema.yaml' mode='r' encoding='UTF-8'>]
[2025-01-24 07:07:18,836 : INFO :com : loaded the yaml file from <_io.TextIOWrapper name='config\\config.yaml' mode='r' encoding='UTF-8'>]
[2025-01-24 07:07:18,839 : INFO :com : loaded the yaml file from <_io.TextIOWrapper name='schema.yaml' mode='r' encoding='UTF-8'>]
[2025-01-24 07:07:54,049 : INFO :com : loaded the yaml file from <_io.TextIOWrapper name='config\\config.yaml' mode='r' encoding='UTF-8'>]
[2025-01-24 07:07:54,062 : INFO :com : loaded the yaml file from <_io.TextIOWrapper name='schema.yaml' mode='r' encoding='UTF-8'>]
[2025-01-24 07:07:54,068 : INFO :com : loaded the yaml file from <_io.TextIOWrapper name='params.yaml' mode='r' encoding='UTF-8'>]
[2025-01-24 07:07:54,070 : INFO :com : created the file artifact]
[2025-01-24 07:07:54,073 : INFO :com : created the file artifacts/data_ingestion]
[2025-01-24 07:08:41,049 : INFO :com : loaded the yaml file from <_io.TextIOWrapper name='config\\config.yaml' mode='r' encoding='UTF-8'>]
[2025-01-24 07:08:41,052 : INFO :com : loaded the yaml file from <_io.TextIOWrapper name='schema.yaml' mode='r' encoding='UTF-8'>]
[2025-01-24 07:08:41,053 : INFO :com : loaded the yaml file from <_io.TextIOWrapper name='params.yaml' mode='r' encoding='UTF-8'>]
[2025-01-24 07:08:41,055 : INFO :com : created the file artifact]
[2025-01-24 07:08:41,058 : INFO :com : created the file artifacts/data_ingestion]
[2025-01-24 07:11:21,017 : INFO :com : loaded the yaml file from <_io.TextIOWrapper name='config\\config.yaml' mode='r' encoding='UTF-8'>]
[2025-01-24 07:11:21,020 : INFO :com : loaded the yaml file from <_io.TextIOWrapper name='schema.yaml' mode='r' encoding='UTF-8'>]
[2025-01-24 07:11:21,022 : INFO :com : loaded the yaml file from <_io.TextIOWrapper name='params.yaml' mode='r' encoding='UTF-8'>]
[2025-01-24 07:11:21,024 : INFO :com : created the file artifact]
[2025-01-24 07:11:21,026 : INFO :com : created the file artifacts/data_ingestion]
[2025-01-24 07:11:23,349 : INFO :915750208 : the file artifacts/data_ingestion/data.zip has been downloaded into artifacts/data_ingestion/data.zip]
